<?xml version="1.0" encoding="UTF-8"?>
<testsuite xmlns:xsi="http://www.w3.org/2001/XMLSchema-instance" xsi:noNamespaceSchemaLocation="https://maven.apache.org/surefire/maven-surefire-plugin/xsd/surefire-test-report.xsd" name="xyz.lhtsky.atcrowdfunding.test.CrowdFundingTest" time="2.755" tests="3" errors="1" skipped="0" failures="0">
  <properties>
[...]
</properties>
  <testcase name="testConnection" classname="xyz.lhtsky.atcrowdfunding.test.CrowdFundingTest" time="0.34"/>
  <testcase name="testTx" classname="xyz.lhtsky.atcrowdfunding.test.CrowdFundingTest" time="0.208">
    <error message="/ by zero" type="java.lang.ArithmeticException">java.lang.ArithmeticException: / by zero
	at xyz.lhtsky.atcrowdfunding.test.CrowdFundingTest.testTx(CrowdFundingTest.java:28)
</error>
    <system-out><![CDATA[[DEBUG] 2020-02-19 22:45:02,923(1815) --> [main] org.springframework.test.annotation.ProfileValueUtils.retrieveProfileValueSource(ProfileValueUtils.java:70): Retrieved @ProfileValueSourceConfiguration [null] for test class [xyz.lhtsky.atcrowdfunding.test.CrowdFundingTest]  
[DEBUG] 2020-02-19 22:45:02,924(1816) --> [main] org.springframework.test.annotation.ProfileValueUtils.retrieveProfileValueSource(ProfileValueUtils.java:83): Retrieved ProfileValueSource type [class org.springframework.test.annotation.SystemProfileValueSource] for class [xyz.lhtsky.atcrowdfunding.test.CrowdFundingTest]  
[DEBUG] 2020-02-19 22:45:02,924(1816) --> [main] org.springframework.test.context.support.DependencyInjectionTestExecutionListener.prepareTestInstance(DependencyInjectionTestExecutionListener.java:81): Performing dependency injection for test context [[DefaultTestContext@e874448 testClass = CrowdFundingTest, testInstance = xyz.lhtsky.atcrowdfunding.test.CrowdFundingTest@bcef303, testMethod = [null], testException = [null], mergedContextConfiguration = [MergedContextConfiguration@29b5cd00 testClass = CrowdFundingTest, locations = '{classpath:spring-persist-mybatis.xml, classpath:spring-persist-tx.xml}', classes = '{}', contextInitializerClasses = '[]', activeProfiles = '{}', propertySourceLocations = '{}', propertySourceProperties = '{}', contextCustomizers = set[[empty]], contextLoader = 'org.springframework.test.context.support.DelegatingSmartContextLoader', parent = [null]], attributes = map[[empty]]]].  
[DEBUG] 2020-02-19 22:45:02,925(1817) --> [main] org.springframework.test.context.cache.DefaultCacheAwareContextLoaderDelegate.loadContext(DefaultCacheAwareContextLoaderDelegate.java:130): Retrieved ApplicationContext from cache with key [[MergedContextConfiguration@29b5cd00 testClass = CrowdFundingTest, locations = '{classpath:spring-persist-mybatis.xml, classpath:spring-persist-tx.xml}', classes = '{}', contextInitializerClasses = '[]', activeProfiles = '{}', propertySourceLocations = '{}', propertySourceProperties = '{}', contextCustomizers = set[[empty]], contextLoader = 'org.springframework.test.context.support.DelegatingSmartContextLoader', parent = [null]]]  
[DEBUG] 2020-02-19 22:45:02,925(1817) --> [main] org.springframework.test.context.cache.DefaultContextCache.logStatistics(DefaultContextCache.java:290): Spring test ApplicationContext cache statistics: [DefaultContextCache@432038ec size = 1, maxSize = 32, parentContextCount = 0, hitCount = 1, missCount = 1]  
[DEBUG] 2020-02-19 22:45:02,926(1818) --> [main] org.springframework.test.context.support.AbstractDirtiesContextTestExecutionListener.beforeOrAfterTestMethod(AbstractDirtiesContextTestExecutionListener.java:107): Before test method: context [DefaultTestContext@e874448 testClass = CrowdFundingTest, testInstance = xyz.lhtsky.atcrowdfunding.test.CrowdFundingTest@bcef303, testMethod = testTx@CrowdFundingTest, testException = [null], mergedContextConfiguration = [MergedContextConfiguration@29b5cd00 testClass = CrowdFundingTest, locations = '{classpath:spring-persist-mybatis.xml, classpath:spring-persist-tx.xml}', classes = '{}', contextInitializerClasses = '[]', activeProfiles = '{}', propertySourceLocations = '{}', propertySourceProperties = '{}', contextCustomizers = set[[empty]], contextLoader = 'org.springframework.test.context.support.DelegatingSmartContextLoader', parent = [null]], attributes = map[[empty]]], class annotated with @DirtiesContext [false] with mode [null], method annotated with @DirtiesContext [false] with mode [null].  
[DEBUG] 2020-02-19 22:45:02,935(1827) --> [main] org.springframework.transaction.support.AbstractPlatformTransactionManager.getTransaction(AbstractPlatformTransactionManager.java:372): Creating new transaction with name [xyz.lhtsky.atcrowdfunding.service.impl.AdminServiceImpl.updateAdmin]: PROPAGATION_REQUIRES_NEW,ISOLATION_DEFAULT,-java.lang.Exception  
[DEBUG] 2020-02-19 22:45:02,944(1836) --> [main] org.springframework.jdbc.datasource.DataSourceTransactionManager.doBegin(DataSourceTransactionManager.java:264): Acquired Connection [com.mysql.cj.jdbc.ConnectionImpl@42bc14c1] for JDBC transaction  
[DEBUG] 2020-02-19 22:45:02,949(1841) --> [main] org.springframework.jdbc.datasource.DataSourceTransactionManager.doBegin(DataSourceTransactionManager.java:281): Switching JDBC Connection [com.mysql.cj.jdbc.ConnectionImpl@42bc14c1] to manual commit  
[DEBUG] 2020-02-19 22:45:02,956(1848) --> [main] org.mybatis.spring.SqlSessionUtils.getSqlSession(SqlSessionUtils.java:104): Creating a new SqlSession  
[DEBUG] 2020-02-19 22:45:02,961(1853) --> [main] org.mybatis.spring.SqlSessionUtils.getSqlSession(SqlSessionUtils.java:120): Registering transaction synchronization for SqlSession [org.apache.ibatis.session.defaults.DefaultSqlSession@6dee4f1b]  
[DEBUG] 2020-02-19 22:45:02,968(1860) --> [main] org.mybatis.spring.transaction.SpringManagedTransaction.openConnection(SpringManagedTransaction.java:86): JDBC Connection [com.mysql.cj.jdbc.ConnectionImpl@42bc14c1] will be managed by Spring  
[DEBUG] 2020-02-19 22:45:02,973(1865) --> [main] org.apache.ibatis.logging.jdbc.BaseJdbcLogger.debug(BaseJdbcLogger.java:139): ==>  Preparing: update t_admin set loginacct = ?, userpswd = ?, username = ?, email = ?, createtime = ? where id = ?   
[DEBUG] 2020-02-19 22:45:03,015(1907) --> [main] org.apache.ibatis.logging.jdbc.BaseJdbcLogger.debug(BaseJdbcLogger.java:139): ==> Parameters: harry333(String), 123123(String), 哈利333(String), harry@qq.com(String), null, 1(Integer)  
[DEBUG] 2020-02-19 22:45:03,019(1911) --> [main] org.apache.ibatis.logging.jdbc.BaseJdbcLogger.debug(BaseJdbcLogger.java:139): <==    Updates: 1  
[DEBUG] 2020-02-19 22:45:03,019(1911) --> [main] org.mybatis.spring.SqlSessionUtils.closeSqlSession(SqlSessionUtils.java:163): Releasing transactional SqlSession [org.apache.ibatis.session.defaults.DefaultSqlSession@6dee4f1b]  
[DEBUG] 2020-02-19 22:45:03,020(1912) --> [main] org.mybatis.spring.SqlSessionUtils$SqlSessionSynchronization.beforeCompletion(SqlSessionUtils.java:287): Transaction synchronization deregistering SqlSession [org.apache.ibatis.session.defaults.DefaultSqlSession@6dee4f1b]  
[DEBUG] 2020-02-19 22:45:03,020(1912) --> [main] org.mybatis.spring.SqlSessionUtils$SqlSessionSynchronization.beforeCompletion(SqlSessionUtils.java:292): Transaction synchronization closing SqlSession [org.apache.ibatis.session.defaults.DefaultSqlSession@6dee4f1b]  
[DEBUG] 2020-02-19 22:45:03,020(1912) --> [main] org.springframework.transaction.support.AbstractPlatformTransactionManager.processRollback(AbstractPlatformTransactionManager.java:836): Initiating transaction rollback  
[DEBUG] 2020-02-19 22:45:03,021(1913) --> [main] org.springframework.jdbc.datasource.DataSourceTransactionManager.doRollback(DataSourceTransactionManager.java:341): Rolling back JDBC transaction on Connection [com.mysql.cj.jdbc.ConnectionImpl@42bc14c1]  
[DEBUG] 2020-02-19 22:45:03,133(2025) --> [main] org.springframework.jdbc.datasource.DataSourceTransactionManager.doCleanupAfterCompletion(DataSourceTransactionManager.java:384): Releasing JDBC Connection [com.mysql.cj.jdbc.ConnectionImpl@42bc14c1] after transaction  
[DEBUG] 2020-02-19 22:45:03,134(2026) --> [main] org.springframework.test.context.support.AbstractDirtiesContextTestExecutionListener.beforeOrAfterTestMethod(AbstractDirtiesContextTestExecutionListener.java:107): After test method: context [DefaultTestContext@e874448 testClass = CrowdFundingTest, testInstance = xyz.lhtsky.atcrowdfunding.test.CrowdFundingTest@bcef303, testMethod = testTx@CrowdFundingTest, testException = java.lang.ArithmeticException: / by zero, mergedContextConfiguration = [MergedContextConfiguration@29b5cd00 testClass = CrowdFundingTest, locations = '{classpath:spring-persist-mybatis.xml, classpath:spring-persist-tx.xml}', classes = '{}', contextInitializerClasses = '[]', activeProfiles = '{}', propertySourceLocations = '{}', propertySourceProperties = '{}', contextCustomizers = set[[empty]], contextLoader = 'org.springframework.test.context.support.DelegatingSmartContextLoader', parent = [null]], attributes = map[[empty]]], class annotated with @DirtiesContext [false] with mode [null], method annotated with @DirtiesContext [false] with mode [null].  
]]></system-out>
  </testcase>
  <testcase name="testMybatis" classname="xyz.lhtsky.atcrowdfunding.test.CrowdFundingTest" time="0.422"/>
</testsuite>